<?xml version="1.0" encoding="UTF-8"?>
<!-- Generated by org.testng.reporters.JUnitXMLReporter -->
<testsuite hostname="BGD-2242-PC" name="Different testng Feature Test" tests="16" failures="0" timestamp="7 Sep 2020 17:20:09 GMT" time="14.803" errors="0">
  <testcase name="gettitle" time="0.01" classname="testng.TestNgBasics"/>
  <testcase name="url" time="1.006" classname="testng.Yokologin"/>
  <testcase name="gettitle" time="0.044" classname="testng.Yokologin"/>
  <testcase name="login" time="0.167" classname="testng.Yokologin"/>
  <testcase name="logout" time="1.169" classname="testng.Yokologin"/>
  <testcase name="Teardown" time="0.332" classname="testng.Yokologin"/>
  <testcase name="sum" time="0.003" classname="testng.InvocationCountTest"/>
  <testcase name="sum" time="0.002" classname="testng.InvocationCountTest"/>
  <testcase name="sum" time="0.002" classname="testng.InvocationCountTest"/>
  <testcase name="sum" time="0.002" classname="testng.InvocationCountTest"/>
  <testcase name="sum" time="0.001" classname="testng.InvocationCountTest"/>
  <testcase name="sum" time="0.0" classname="testng.InvocationCountTest"/>
  <testcase name="sum" time="0.001" classname="testng.InvocationCountTest"/>
  <testcase name="sum" time="0.0" classname="testng.InvocationCountTest"/>
  <testcase name="sum" time="0.001" classname="testng.InvocationCountTest"/>
  <testcase name="sum" time="0.0" classname="testng.InvocationCountTest"/>
</testsuite> <!-- Different testng Feature Test -->
